2025-12-05 14:39:06 - Noise: 2000dB - Provider: Semaphore
2025-12-05 14:43:08 - Noise: 2000dB - Provider: Semaphore
2025-12-05 15:33:10 - Noise: 2000dB - Sent to: 63919513474
2025-12-05 17:10:23 - Noise: 2000dB - Sending to: 09976017360 - Msg: ALERT: Loud noise detected for 10 seconds at 12/6/2025, 12:10:23 AM
2025-12-05 17:10:38 - API Response Code: 0 - Body: 
2025-12-05 17:11:44 - Noise: 2000dB - Sending to: 09976017360 - Msg: ALERT: Loud noise detected for 10 seconds at 12/6/2025, 12:11:44 AM
2025-12-05 17:11:59 - API Response Code: 0 - Body: 
2025-12-05 17:31:02 - Noise: 85dB - Sending to: 63919513474 - Msg: TEST SMS - Noise Monitoring System
2025-12-05 17:31:03 - HTTP Code: 200 - Error:  - Response: {"status":200,"message":"SMS successfully queued for delivery.","message_id":"iSms-cAJcQE","message_status_link":"https://sms.iprogtech.com/api/v1/sms_messages/status?api_token=12345\u0026message_id=iSms-cAJcQE","message_status_request_mode":"GET","sms_rate":1.0}
2025-12-05 17:31:06 - Noise: 85dB - Sending to: 63919513474 - Msg: TEST SMS - Noise Monitoring System
2025-12-05 17:31:06 - HTTP Code: 200 - Error:  - Response: {"status":200,"message":"SMS successfully queued for delivery.","message_id":"iSms-pFOqKh","message_status_link":"https://sms.iprogtech.com/api/v1/sms_messages/status?api_token=12345\u0026message_id=iSms-pFOqKh","message_status_request_mode":"GET","sms_rate":1.0}
2025-12-05 17:31:17 - Noise: 85dB - Sending to: 63919513474 - Msg: TEST SMS - Noise Monitoring System
2025-12-05 17:31:17 - Noise: 85dB - Sending to: 63919513474 - Msg: TEST SMS - Noise Monitoring System
2025-12-05 17:31:18 - HTTP Code: 200 - Error:  - Response: {"status":200,"message":"SMS successfully queued for delivery.","message_id":"iSms-U0Sz7z","message_status_link":"https://sms.iprogtech.com/api/v1/sms_messages/status?api_token=12345\u0026message_id=iSms-U0Sz7z","message_status_request_mode":"GET","sms_rate":1.0}
2025-12-05 17:31:18 - HTTP Code: 200 - Error:  - Response: {"status":200,"message":"SMS successfully queued for delivery.","message_id":"iSms-pTQogA","message_status_link":"https://sms.iprogtech.com/api/v1/sms_messages/status?api_token=12345\u0026message_id=iSms-pTQogA","message_status_request_mode":"GET","sms_rate":1.0}
2025-12-05 17:31:39 - Noise: 85dB - Sending to: 63919513474 - Msg: TEST SMS - Noise Monitoring System
2025-12-05 17:31:40 - HTTP Code: 200 - Error:  - Response: {"status":500,"message":"Invalid api token or no load balance"}
2025-12-05 17:31:43 - Noise: 85dB - Sending to: 63919513474 - Msg: TEST SMS - Noise Monitoring System
2025-12-05 17:31:44 - HTTP Code: 200 - Error:  - Response: {"status":500,"message":"Invalid api token or no load balance"}
2025-12-05 17:31:49 - Noise: 85dB - Sending to: 63919513474 - Msg: TEST SMS - Noise Monitoring System
2025-12-05 17:31:50 - HTTP Code: 200 - Error:  - Response: {"status":500,"message":"Invalid api token or no load balance"}
2025-12-05 17:37:33 - Noise: 85dB - Sending to: 09949677824 - Msg: tite
2025-12-05 17:37:34 - HTTP Code: 200 - Error:  - Response: {"status":500,"message":"Invalid api token or no load balance"}
2025-12-05 17:41:46 - Noise: 85dB - Sending to: 09949677824 - Msg: tite
2025-12-05 17:41:47 - API Response Code: 200 - Body: {"status":500,"message":"Invalid api token or no load balance"}
2025-12-05 17:56:41 - Noise: 2000dB - Sending to: 09976017360 - Msg: ALERT: Loud noise detected for 10 seconds at 12/6/2025, 12:56:41 AM
2025-12-05 17:56:42 - API Response Code: 200 - Body: {"status":500,"message":"Invalid api token or no load balance"}
2025-12-05 17:58:09 - Noise: 2000dB - Sending to: 09976017360 - Msg: ALERT: Loud noise detected for 10 seconds at 12/6/2025, 12:58:09 AM
2025-12-05 17:58:10 - API Response Code: 200 - Body: {"status":500,"message":"Invalid api token or no load balance"}
2025-12-05 17:58:53 - Noise: 2000dB - Sending to: 09976017360 - Msg: ALERT: Loud noise detected for 10 seconds at 12/6/2025, 12:58:53 AM
2025-12-05 17:59:08 - API Response Code: 0 - Body: 
2025-12-05 18:00:47 - Noise: 2000dB - Sending to: 09919513474 - Msg: ALERT: Loud noise detected for 10 seconds at 12/6/2025, 1:00:47 AM
2025-12-05 18:00:47 - API Response Code: 200 - Body: {"status":500,"message":"Invalid api token or no load balance"}
2025-12-05 18:08:10 - Noise: 2000dB - Sending to: 09919513474 - Msg: ALERT: Loud noise detected for 10 seconds at 12/6/2025, 1:08:09 AM
2025-12-05 18:08:25 - HTTP Code: 0 - Error: Connection timed out after 15003 milliseconds - Response: 
2025-12-05 18:10:55 - Noise: 2000dB - Sending to: 09919513474 - Msg: ALERT: Loud noise detected for 10 seconds at 12/6/2025, 1:10:55 AM
2025-12-05 18:11:10 - HTTP Code: 0 - Error: Connection timed out after 15016 milliseconds - Response: 
2025-12-05 18:13:25 - Noise: 2000dB - Sending to: 09919513474 - Msg: ALERT: Loud noise detected for 10 seconds at 12/6/2025, 1:13:25 AM
2025-12-05 18:13:26 - HTTP Code: 200 - Error:  - Response: {"status":500,"message":"Invalid api token or no load balance"}
2025-12-05 18:15:24 - Noise: 2000dB - Sending to: 09919513474 - Msg: ALERT: Loud noise detected for 10 seconds at 12/6/2025, 1:15:24 AM
2025-12-05 18:15:39 - HTTP Code: 0 - Error: Connection timed out after 15014 milliseconds - Response: 
2025-12-05 18:16:18 - Noise: 2000dB - Sending to: 09919513474 - Msg: ALERT: Loud noise detected for 10 seconds at 12/6/2025, 1:16:18 AM
2025-12-05 18:16:19 - HTTP Code: 200 - Error:  - Response: {"status":500,"message":"Invalid api token or no load balance"}
2025-12-05 18:26:02 - Noise: 2000dB - Sending to: 639919513474 - Msg: ALERT: Loud noise detected for 10 seconds at 12/6/2025, 1:26:02 AM
2025-12-05 18:26:03 - HTTP Code: 200 - Error:  - Response: {"status":500,"message":"Invalid api token or no load balance"}
2025-12-05 18:26:31 - Noise: 2000dB - Sending to: +639919513474 - Msg: ALERT: Loud noise detected for 10 seconds at 12/6/2025, 1:26:31 AM
2025-12-05 18:26:46 - HTTP Code: 0 - Error: Connection timed out after 15015 milliseconds - Response: 
2025-12-05 18:27:03 - Noise: 2000dB - Sending to: +639919513474 - Msg: ALERT: Loud noise detected for 10 seconds at 12/6/2025, 1:27:02 AM
2025-12-05 18:27:18 - HTTP Code: 0 - Error: Connection timed out after 15013 milliseconds - Response: 
2025-12-05 18:27:41 - Noise: 2000dB - Sending to: +639919513474 - Msg: ALERT: Loud noise detected for 10 seconds at 12/6/2025, 1:27:41 AM
2025-12-05 18:27:56 - HTTP Code: 0 - Error: Connection timed out after 15016 milliseconds - Response: 
2025-12-05 18:28:59 - Noise: 2000dB - Sending to: 09948136097 - Msg: ALERT: Loud noise detected for 10 seconds at 12/6/2025, 1:28:59 AM
2025-12-05 18:29:14 - HTTP Code: 0 - Error: Connection timed out after 15015 milliseconds - Response: 
2025-12-05 18:29:46 - Noise: 2000dB - Sending to: 09948136097 - Msg: ALERT: Loud noise detected for 10 seconds at 12/6/2025, 1:29:46 AM
2025-12-05 18:30:01 - HTTP Code: 0 - Error: Connection timed out after 15003 milliseconds - Response: 
2025-12-05 18:30:28 - Noise: 2000dB - Sending to: 639948136097 - Msg: ALERT: Loud noise detected for 10 seconds at 12/6/2025, 1:30:28 AM
2025-12-05 18:30:36 - HTTP Code: 200 - Error:  - Response: {"status":500,"message":"Invalid api token or no load balance"}
2025-12-05 18:34:35 - Noise: 2000dB - Sending to: 639948136097 - Msg: ALERT: Loud noise detected for 10 seconds at 12/6/2025, 1:34:35 AM
2025-12-05 18:34:50 - HTTP Code: 0 - Error: Connection timed out after 15004 milliseconds - Response: 
2025-12-05 18:40:46 - Noise: 85dB - Sending to: 639948136097 - Msg: TEST SMS - ALERT LOUD NOISE IS BEING DETECTED
2025-12-05 18:40:49 - Noise: 85dB - Sending to: 639948136097 - Msg: TEST SMS - ALERT LOUD NOISE IS BEING DETECTED
2025-12-05 18:41:01 - HTTP Code: 0 - Error: Connection timed out after 15004 milliseconds - Response: 
2025-12-05 18:41:04 - HTTP Code: 0 - Error: Connection timed out after 15003 milliseconds - Response: 
2025-12-05 18:44:03 - Noise: 85dB - Sending to: 639948136097 - Msg: TEST SMS - Noise Monitoring System
2025-12-05 18:44:18 - HTTP Code: 0 - Error: Connection timed out after 15001 milliseconds - Response: 
2025-12-05 18:45:10 - Noise: 2000dB - Sending to: 639948136097 - Msg: ALERT: Loud noise detected for 10 seconds at 12/6/2025, 1:45:10 AM
2025-12-05 18:45:11 - HTTP Code: 200 - Error:  - Response: {"status":500,"message":"Invalid api token or no load balance"}
2025-12-05 18:47:26 - Noise: 85dB - Sending to: 639948136097 - Msg: TEST SMS - Noise Monitoring System
2025-12-05 18:47:27 - HTTP Code: 200 - Error:  - Response: {"status":500,"message":"Invalid api token or no load balance"}
2025-12-05 18:47:27 - Noise: 85dB - Sending to: 639948136097 - Msg: TEST SMS - Noise Monitoring System
2025-12-05 18:47:28 - HTTP Code: 200 - Error:  - Response: {"status":500,"message":"Invalid api token or no load balance"}
2025-12-05 18:48:12 - Noise: 2000dB - Sending to: 639948136097 - Msg: ALERT: Loud noise detected for 10 seconds at 12/6/2025, 1:48:12 AM
2025-12-05 18:48:13 - HTTP Code: 200 - Error:  - Response: {"status":500,"message":"Invalid api token or no load balance"}
2025-12-05 18:48:56 - Noise: 2000dB - Sending to: 639948136097 - Msg: ALERT: Loud noise detected for 10 seconds at 12/6/2025, 1:48:56 AM
2025-12-05 18:48:56 - HTTP Code: 200 - Error:  - Response: {"status":500,"message":"Invalid api token or no load balance"}
2025-12-05 18:56:21 - Noise: 2000dB - Sending to: 639948136097 - Msg: ALERT: Loud noise detected for 10 seconds at 12/6/2025, 1:56:21 AM
2025-12-05 18:56:22 - Noise: 2000dB - Sending to: 639948136097 - Msg: ALERT: Loud noise detected for 10 seconds at 12/6/2025, 1:56:22 AM
2025-12-05 18:56:36 - HTTP Code: 0 - Error: Connection timed out after 15013 milliseconds - Response: 
2025-12-05 18:56:37 - HTTP Code: 0 - Error: Connection timed out after 15012 milliseconds - Response: 
2025-12-05 18:59:48 - Noise: 2000dB - Sending to: 639948136097 - Msg: ALERT: Loud noise detected for 10 seconds at 12/6/2025, 1:59:48 AM
2025-12-05 18:59:48 - HTTP Code: 200 - Error:  - Response: {"status":500,"message":"Invalid api token or no load balance"}
2025-12-05 19:09:32 - Noise: 2000dB - Sending to: 639948136097 - Msg: ALERT: Loud noise detected for 10 seconds at 12/6/2025, 2:09:32 AM
2025-12-05 19:09:47 - HTTP Code: 0 - Error: Connection timed out after 15015 milliseconds - Response: 
2025-12-05 19:12:09 - Noise: 2000dB - Sending to: 639948136097 - Msg: ALERT: Loud noise detected for 10 seconds at 12/6/2025, 2:12:09 AM
2025-12-05 19:12:09 - HTTP Code: 200 - Error:  - Response: {"status":500,"message":"Invalid api token or no load balance"}
2025-12-05 19:12:32 - Noise: 2000dB - Sending to: 639948136097 - Msg: ALERT: Loud noise detected for 10 seconds at 12/6/2025, 2:12:32 AM
2025-12-05 19:12:47 - HTTP Code: 0 - Error: Connection timed out after 15006 milliseconds - Response: 
2025-12-05 19:14:19 - Noise: 2000dB - Sending to: 639948136097 - Msg: ALERT: Loud noise detected for 10 seconds at 12/6/2025, 2:14:19 AM
2025-12-05 19:14:34 - HTTP Code: 0 - Error: Connection timed out after 15008 milliseconds - Response: 
2025-12-05 19:18:07 - Noise: 2000dB - Sending to: 639948136097 - Msg: ALERT: Loud noise detected for 10 seconds at 12/6/2025, 2:18:06 AM
2025-12-05 19:18:07 - HTTP Code: 200 - Error:  - Response: {"status":500,"message":"Invalid api token or no load balance"}
2025-12-05 19:20:47 - Noise: 2000dB - Sending to: 639948136097 - Msg: ALERT: Loud noise detected for 10 seconds at 12/6/2025, 2:20:47 AM
2025-12-05 19:21:02 - HTTP Code: 0 - Error: Connection timed out after 15015 milliseconds - Response: 
2025-12-05 19:26:10 - Noise: 2000dB - Sending to: 639948136097 - Msg: ALERT: Loud noise detected for 10 seconds at 12/6/2025, 2:26:10 AM
2025-12-05 19:26:12 - HTTP Code: 200 - Error:  - Response: {"status":500,"message":"Invalid api token or no load balance"}
2025-12-05 19:34:03 - Noise: 2000dB - Sending to: 639948136097 - Msg: ALERT: Loud noise detected for 10 seconds at 12/6/2025, 2:34:03 AM
2025-12-05 19:34:18 - HTTP Code: 0 - Error: Connection timed out after 15008 milliseconds - Response: 
2025-12-05 19:48:56 - Noise: 2000dB - Sending to: 639948136097 - Msg: ALERT: Loud noise detected for 10 seconds at 12/6/2025, 2:48:56 AM
2025-12-05 19:48:57 - HTTP Code: 200 - Error:  - Response: {"status":500,"message":"Invalid api token or no load balance"}
2025-12-05 20:13:02 - Noise: 2000dB - Sending to: 639948136097 - Msg: ALERT: Loud noise detected for 10 seconds at 12/6/2025, 3:13:02 AM
2025-12-05 20:13:17 - HTTP Code: 0 - Error: Connection timed out after 15015 milliseconds - Response: 
2025-12-05 20:27:47 - Noise: 2000dB - Sending to: 639948136097 - Msg: ALERT: Loud noise detected for 10 seconds at 12/6/2025, 3:27:47 AM
2025-12-05 20:28:02 - HTTP Code: 0 - Error: Connection timed out after 15008 milliseconds - Response: 
2025-12-05 20:28:51 - Noise: 2000dB - Sending to: 639948136097 - Msg: ALERT: Loud noise detected for 10 seconds at 12/6/2025, 3:28:51 AM
2025-12-05 20:28:52 - HTTP Code: 200 - Error:  - Response: {"status":500,"message":"Invalid api token or no load balance"}
2025-12-05 20:32:23 - Noise: 2000dB - Sending to: 639948136097 - Msg: ALERT: Loud noise detected for 10 seconds at 12/6/2025, 3:32:23 AM
2025-12-05 20:32:38 - HTTP Code: 0 - Error: Connection timed out after 15007 milliseconds - Response: 
2025-12-05 20:34:28 - Noise: 2000dB - Sending to: 639948136097 - Msg: ALERT: Loud noise detected for 10 seconds at 12/6/2025, 3:34:28 AM
2025-12-05 20:34:29 - HTTP Code: 200 - Error:  - Response: {"status":500,"message":"Invalid api token or no load balance"}
2025-12-05 20:36:55 - Noise: 2000dB - Sending to: 639948136097 - Msg: ALERT: Loud noise detected for 10 seconds at 12/6/2025, 3:36:55 AM
2025-12-05 20:37:10 - HTTP Code: 0 - Error: Connection timed out after 15017 milliseconds - Response: 
2025-12-05 20:45:56 - Noise: 2000dB - Sending to: 639948136097 - Msg: ALERT: Loud noise detected for 10 seconds at 12/6/2025, 3:45:56 AM
2025-12-05 20:46:11 - HTTP Code: 0 - Error: Connection timed out after 15006 milliseconds - Response: 
2025-12-05 20:47:42 - Noise: 2000dB - Sending to: 639948136097 - Msg: ALERT: Loud noise detected for 10 seconds at 12/6/2025, 3:47:42 AM
2025-12-05 20:47:57 - HTTP Code: 0 - Error: Connection timed out after 15005 milliseconds - Response: 
2025-12-05 20:48:31 - Noise: 2000dB - Sending to: 639948136097 - Msg: ALERT: Loud noise detected for 10 seconds at 12/6/2025, 3:48:31 AM
2025-12-05 20:48:46 - HTTP Code: 0 - Error: Connection timed out after 15005 milliseconds - Response: 
2025-12-05 21:13:09 - Noise: 2000dB - Sending to: 639948136097 - Msg: ALERT: Loud noise detected for 10 seconds at 12/6/2025, 4:13:09 AM
2025-12-05 21:13:10 - HTTP Code: 200 - Error:  - Response: {"status":200,"message":"SMS successfully queued for delivery.","message_id":"iSms-RCkRJX","message_status_link":"https://sms.iprogtech.com/api/v1/sms_messages/status?api_token=12345\u0026message_id=iSms-RCkRJX","message_status_request_mode":"GET","sms_rate":1.0}
2025-12-05 21:19:13 - Noise: 2000dB - Sending to: 639948136097 - Msg: ALERT: Loud noise detected for 10 seconds at 12/6/2025, 4:19:13 AM
2025-12-05 21:19:14 - HTTP Code: 200 - Error:  - Response: {"status":200,"message":"SMS successfully queued for delivery.","message_id":"iSms-90z3hd","message_status_link":"https://sms.iprogtech.com/api/v1/sms_messages/status?api_token=12345\u0026message_id=iSms-90z3hd","message_status_request_mode":"GET","sms_rate":1.0}
2025-12-05 21:26:46 - Noise: 2000dB - Sending to: 639948136097 - Msg: ALERT: Loud noise detected for 10 seconds at 12/6/2025, 4:26:46 AM
2025-12-05 21:26:47 - HTTP Code: 200 - Error:  - Response: {"status":200,"message":"SMS successfully queued for delivery.","message_id":"iSms-ibTl7h","message_status_link":"https://sms.iprogtech.com/api/v1/sms_messages/status?api_token=12345\u0026message_id=iSms-ibTl7h","message_status_request_mode":"GET","sms_rate":1.0}
2025-12-05 21:30:13 - Noise: 2000dB - Sending to: 639948136097 - Msg: LOUD NOISE DETECTED at Unknown
2025-12-05 21:30:14 - HTTP Code: 200 - Error:  - Response: {"status":200,"message":"SMS successfully queued for delivery.","message_id":"iSms-HzHEwE","message_status_link":"https://sms.iprogtech.com/api/v1/sms_messages/status?api_token=12345\u0026message_id=iSms-HzHEwE","message_status_request_mode":"GET","sms_rate":1.0}
2025-12-05 21:37:33 - Noise: 2000dB - Sending to: 639948136097 - Msg: LOUD NOISE DETECTED at Unknown
2025-12-05 21:37:34 - HTTP Code: 200 - Error:  - Response: {"status":200,"message":"SMS successfully queued for delivery.","message_id":"iSms-KlUD0r","message_status_link":"https://sms.iprogtech.com/api/v1/sms_messages/status?api_token=12345\u0026message_id=iSms-KlUD0r","message_status_request_mode":"GET","sms_rate":1.0}
2025-12-05 21:39:47 - Noise: 2000dB - Sending to: 639948136097 - Msg: LOUD NOISE DETECTED at Unknown
2025-12-05 21:39:47 - HTTP Code: 200 - Error:  - Response: {"status":200,"message":"SMS successfully queued for delivery.","message_id":"iSms-3oSFHZ","message_status_link":"https://sms.iprogtech.com/api/v1/sms_messages/status?api_token=12345\u0026message_id=iSms-3oSFHZ","message_status_request_mode":"GET","sms_rate":1.0}
2025-12-05 21:42:47 - Noise: 2000dB - Sending to: 639948136097 - Msg: LOUD NOISE DETECTED at 
            BAHAY TAE          
2025-12-05 21:42:48 - HTTP Code: 200 - Error:  - Response: {"status":500,"message":["Your input contains inappropriate language."]}
2025-12-05 22:04:49 - Noise: 2000dB - Sending to: 639948136097 - Msg: LOUD NOISE DETECTED at 
            BAHAY TAE          
2025-12-05 22:04:51 - HTTP Code: 200 - Error:  - Response: {"status":500,"message":["Your input contains inappropriate language."]}
2025-12-05 22:33:16 - Noise: 2000dB - Sending to: 639948136097 - Msg: LOUD NOISE DETECTED at 
            BAHAY TAE          
2025-12-05 22:33:17 - HTTP Code: 200 - Error:  - Response: {"status":500,"message":["Your input contains inappropriate language."]}
2025-12-05 22:37:29 - Noise: 2000dB - Sending to: 639948136097 - Msg: LOUD NOISE DETECTED at 
            playground          
2025-12-05 22:37:30 - HTTP Code: 200 - Error:  - Response: {"status":200,"message":"SMS successfully queued for delivery.","message_id":"iSms-1KZIqj","message_status_link":"https://sms.iprogtech.com/api/v1/sms_messages/status?api_token=12345\u0026message_id=iSms-1KZIqj","message_status_request_mode":"GET","sms_rate":1.0}
2025-12-05 22:39:41 - Noise: 2000dB - Sending to: 639948136097 - Msg: LOUD NOISE DETECTED at No Zone Selected
2025-12-05 22:39:41 - HTTP Code: 200 - Error:  - Response: {"status":200,"message":"SMS successfully queued for delivery.","message_id":"iSms-hAYHiK","message_status_link":"https://sms.iprogtech.com/api/v1/sms_messages/status?api_token=12345\u0026message_id=iSms-hAYHiK","message_status_request_mode":"GET","sms_rate":1.0}
2025-12-05 22:41:04 - Noise: 2000dB - Sending to: 639948136097 - Msg: LOUD NOISE DETECTED at No Zone Selected
2025-12-05 22:41:04 - HTTP Code: 200 - Error:  - Response: {"status":200,"message":"SMS successfully queued for delivery.","message_id":"iSms-8GoVYw","message_status_link":"https://sms.iprogtech.com/api/v1/sms_messages/status?api_token=12345\u0026message_id=iSms-8GoVYw","message_status_request_mode":"GET","sms_rate":1.0}
2025-12-05 22:43:04 - Noise: 2000dB - Sending to: 639948136097 - Msg: LOUD NOISE DETECTED at 
            BAHAY TAE          
2025-12-05 22:43:05 - HTTP Code: 200 - Error:  - Response: {"status":500,"message":["Your input contains inappropriate language."]}
2025-12-07 10:37:51 - Noise: 2000dB - Sending to: 639948136097 - Msg: LOUD NOISE DETECTED at No Zone Selected
2025-12-07 10:37:52 - HTTP Code: 200 - Error:  - Response: {"status":200,"message":"SMS successfully queued for delivery.","message_id":"iSms-TNjs1G","message_status_link":"https://sms.iprogtech.com/api/v1/sms_messages/status?api_token=12345\u0026message_id=iSms-TNjs1G","message_status_request_mode":"GET","sms_rate":1.0}
2025-12-07 11:04:46 - Noise: 2000dB - Sending to: 639948136097 - Msg: LOUD NOISE DETECTED at No Zone Selected
2025-12-07 11:04:47 - HTTP Code: 200 - Error:  - Response: {"status":200,"message":"SMS successfully queued for delivery.","message_id":"iSms-Bdm4fm","message_status_link":"https://sms.iprogtech.com/api/v1/sms_messages/status?api_token=12345\u0026message_id=iSms-Bdm4fm","message_status_request_mode":"GET","sms_rate":1.0}
2025-12-07 11:51:13 - Noise: 2000dB - Sending to: 639948136097 - Msg: LOUD NOISE DETECTED at No Zone Selected
2025-12-07 11:51:13 - HTTP Code: 200 - Error:  - Response: {"status":200,"message":"SMS successfully queued for delivery.","message_id":"iSms-IP7PID","message_status_link":"https://sms.iprogtech.com/api/v1/sms_messages/status?api_token=12345\u0026message_id=iSms-IP7PID","message_status_request_mode":"GET","sms_rate":1.0}
2025-12-07 16:36:23 [TEST] - Sending to: +639948136097 - Msg: loud noise - HTTP Code: 200
